<?xml version="1.0" encoding="UTF-8"?>
<testsuite xmlns:xsi="http://www.w3.org/2001/XMLSchema-instance" xsi:noNamespaceSchemaLocation="https://maven.apache.org/surefire/maven-surefire-plugin/xsd/surefire-test-report-3.0.xsd" version="3.0" name="DbConnectionTesting" time="3.375" tests="1" errors="0" skipped="0" failures="0">
  <properties>
[...]
</properties>
  <testcase name="testingConnection" classname="DbConnectionTesting" time="3.195">
    <system-out><![CDATA[Hibernate: create table Academic_unit (Academic_id bigserial not null, academic_code bigint, academic_name varchar(255), parent_id bigint, type varchar(255) check (type in ('Programme','Faculty','Department')), primary key (Academic_id))
Hibernate: create table Assistant (assistant_id bigserial not null, first_name varchar(50), last_name varchar(50), teacher_id integer, primary key (assistant_id))
Hibernate: create table Course (course_code varchar(50) not null, course_name varchar(50), department_id bigint, semester_id integer, primary key (course_code))
Hibernate: create table Course_Definition (course_definition_code varchar(50) not null, course_definition_description varchar(50), course_id varchar(50), primary key (course_definition_code))
Hibernate: create table Semester (sem_id serial not null, end_date date, semester_name varchar(50), starting_date date, primary key (sem_id))
Hibernate: create table Student (student_id serial not null, date_of_birth timestamp(6), first_name varchar(255), last_name varchar(255), primary key (student_id))
Hibernate: create table student_course (registration_id integer not null, course_id varchar(50) not null, primary key (registration_id, course_id))
Hibernate: create table Student_Registration (reg_id serial not null, department varchar(255) check (department in ('Programme','Faculty','Department')), registration_code varchar(50), registration_date timestamp(6), semester_id integer, student_id integer, primary key (reg_id))
Hibernate: create table Teacher (teacher_id serial not null, first_name varchar(50), last_name varchar(50), qualification varchar(50) check (qualification in ('MASTER','PHD','PROFESSOR')), course_id varchar(50), primary key (teacher_id))
Hibernate: alter table if exists Course_Definition drop constraint if exists UK_dwcuqnwnqj4ca7ir7jyqsuxyj
Hibernate: alter table if exists Course_Definition add constraint UK_dwcuqnwnqj4ca7ir7jyqsuxyj unique (course_id)
Hibernate: alter table if exists Student_Registration drop constraint if exists UK_ovhp980konqxnkuxgyto4d9n5
Hibernate: alter table if exists Student_Registration add constraint UK_ovhp980konqxnkuxgyto4d9n5 unique (semester_id)
Hibernate: alter table if exists Assistant add constraint FKhthljc23kq4amt3shjf4nskf1 foreign key (teacher_id) references Teacher
Hibernate: alter table if exists Course add constraint FK4d8ky12iexb7mi7uf4r5cebkx foreign key (department_id) references Academic_unit
Hibernate: alter table if exists Course add constraint FKft9mu2p1fcyug4k996696keml foreign key (semester_id) references Semester
Hibernate: alter table if exists Course_Definition add constraint FKqbl8gor5odevn1j9jffr9xcg7 foreign key (course_id) references Course
Hibernate: alter table if exists student_course add constraint FKtao0ysp4xfmi9dlxc10ku58qq foreign key (course_id) references Course
Hibernate: alter table if exists student_course add constraint FKc0auj4c510c5n9jai1ojsdyqr foreign key (registration_id) references Student_Registration
Hibernate: alter table if exists Student_Registration add constraint FK3demavudptwtpg1jyrpdhifo7 foreign key (semester_id) references Semester
Hibernate: alter table if exists Student_Registration add constraint FK2r1utrt206ap5pex0tqtu678n foreign key (student_id) references Student
Hibernate: alter table if exists Teacher add constraint FKrclcsc2e4ih9lfanuy3enij6r foreign key (course_id) references Course
]]></system-out>
    <system-err><![CDATA[Oct 12, 2024 11:43:21 PM org.hibernate.Version logVersion
INFO: HHH000412: Hibernate ORM core version 6.2.5.Final
Oct 12, 2024 11:43:21 PM org.hibernate.cfg.Environment <clinit>
INFO: HHH000406: Using bytecode reflection optimizer
Oct 12, 2024 11:43:21 PM org.hibernate.engine.jdbc.connections.internal.DriverManagerConnectionProviderImpl configure
WARN: HHH10001002: Using built-in connection pool (not intended for production use)
Oct 12, 2024 11:43:21 PM org.hibernate.engine.jdbc.connections.internal.DriverManagerConnectionProviderImpl buildCreator
INFO: HHH10001005: Loaded JDBC driver class: org.postgresql.Driver
Oct 12, 2024 11:43:21 PM org.hibernate.engine.jdbc.connections.internal.DriverManagerConnectionProviderImpl buildCreator
INFO: HHH10001012: Connecting with JDBC URL [jdbc:postgresql://localhost:5432/auca]
Oct 12, 2024 11:43:21 PM org.hibernate.engine.jdbc.connections.internal.DriverManagerConnectionProviderImpl buildCreator
INFO: HHH10001001: Connection properties: {password=****, user=postgres}
Oct 12, 2024 11:43:21 PM org.hibernate.engine.jdbc.connections.internal.DriverManagerConnectionProviderImpl buildCreator
INFO: HHH10001003: Autocommit mode: false
Oct 12, 2024 11:43:21 PM org.hibernate.engine.jdbc.connections.internal.DriverManagerConnectionProviderImpl$PooledConnections <init>
INFO: HHH10001115: Connection pool size: 20 (min=1)
Oct 12, 2024 11:43:22 PM org.hibernate.bytecode.internal.BytecodeProviderInitiator buildBytecodeProvider
INFO: HHH000021: Bytecode provider name : bytebuddy
Oct 12, 2024 11:43:24 PM org.hibernate.engine.transaction.jta.platform.internal.JtaPlatformInitiator initiateService
INFO: HHH000490: Using JtaPlatform implementation: [org.hibernate.engine.transaction.jta.platform.internal.NoJtaPlatform]
Oct 12, 2024 11:43:24 PM org.hibernate.resource.transaction.backend.jdbc.internal.DdlTransactionIsolatorNonJtaImpl getIsolatedConnection
INFO: HHH10001501: Connection obtained from JdbcConnectionAccess [org.hibernate.engine.jdbc.env.internal.JdbcEnvironmentInitiator$ConnectionProviderJdbcConnectionAccess@500051c5] for (non-JTA) DDL execution was not in auto-commit mode; the Connection 'local transaction' will be committed and the Connection will be set into auto-commit mode.
Oct 12, 2024 11:43:24 PM org.hibernate.engine.jdbc.spi.SqlExceptionHelper$StandardWarningHandler logWarning
WARN: SQL Warning Code: 0, SQLState: 00000
Oct 12, 2024 11:43:24 PM org.hibernate.engine.jdbc.spi.SqlExceptionHelper$StandardWarningHandler logWarning
WARN: constraint "uk_dwcuqnwnqj4ca7ir7jyqsuxyj" of relation "course_definition" does not exist, skipping
Oct 12, 2024 11:43:24 PM org.hibernate.engine.jdbc.spi.SqlExceptionHelper$StandardWarningHandler logWarning
WARN: SQL Warning Code: 0, SQLState: 00000
Oct 12, 2024 11:43:24 PM org.hibernate.engine.jdbc.spi.SqlExceptionHelper$StandardWarningHandler logWarning
WARN: constraint "uk_ovhp980konqxnkuxgyto4d9n5" of relation "student_registration" does not exist, skipping
]]></system-err>
  </testcase>
</testsuite>